Nonterminals useless in grammar

   valueList
   triple


Terminals unused in grammar

   "any"
   "all"
   "optional"
   "no"
   "some"
   "many"
   "the"
   "if"
   "then"
   "else"
   "unknown"
   "fi"
   "not"
   "and"
   "or"
   "xor"
   "iff"
   "implies"
   "causes"
   "because"
   "every"
   "while"
   "until"
   "when"
   "forSome"
   "forAll"
   "me"
   "I"
   "you"
   "it"
   "he"
   "she"
   "here"
   "now"
   "let"
   "**"
   "a"
   "."
   "PREFIX"
   "BASE"
   "Graph URI literal {"
   ERROR_TOKEN


Rules useless in grammar

  102 valueList: valueList "," value
  103          | value


Rules useless in parser due to conflicts

   13 viewOption: %empty


State 2 conflicts: 26 shift/reduce
State 31 conflicts: 1 shift/reduce
State 58 conflicts: 26 shift/reduce
State 63 conflicts: 26 shift/reduce
State 142 conflicts: 26 shift/reduce


Grammar

    0 $accept: Document $end

    1 Document: sentenceList

    2 sentenceList: sentenceList sentence
    3             | %empty

    4 nv: predicate "=" value

    5 pp: preposition objectList
    6   | preposition nvList

    7 value: object
    8      | "{" sentenceList "}"

    9 prefix: "@prefix"
   10       | "@mkb"
   11       | "@mke"

   12 viewOption: "at" variable
   13           | %empty

   14 nameOption: variable "::"
   15           | %empty

   16 subject: resource
   17        | blankNode
   18        | collection
   19        | set
   20        | literal
   21        | variable

   22 predicate: resource
   23          | preposition
   24          | variable

   25 object: resource
   26       | blankNode
   27       | collection
   28       | set
   29       | literal
   30       | variable

   31 collection: "(" ")"
   32           | "(" objectList ")"

   33 set: "[" "]"
   34    | "[" objectList "]"

   35 sentence: viewOption nameOption sentence ";"
   36         | "{" sentenceList "}" ";"
   37         | "@base" "URI literal" ";"
   38         | prefix "identifier" "URI literal" ";"
   39         | "begin" variable subject ";"
   40         | "ho" objectList ";"
   41         | "rel" objectList ";"
   42         | "end" variable subject ";"
   43         | variable ":=" value ";"
   44         | doVerb object ";"
   45         | doVerb object ppList ";"
   46         | subject doVerb object ";"
   47         | subject doVerb object ppList ";"
   48         | subject isVerb object ppList ";"
   49         | subject predicateObjectList ";"
   50         | error ";"

   51 predicateObject: hasVerb nv
   52                | hoVerb object
   53                | isVerb object

   54 predicateObjectList: predicateObjectList "," predicateObject
   55                    | predicateObject

   56 objectList: objectList "," object
   57           | object

   58 nvList: nvList "," nv
   59       | nv

   60 ppList: ppList pp
   61       | pp

   62 variable: "variable"

   63 isVerb: "is"

   64 hoVerb: "isu"
   65       | "iss"
   66       | "isa"
   67       | "isa*"
   68       | "isp"
   69       | "isg"
   70       | "isc"
   71       | "isc*"
   72       | variable

   73 hasVerb: "has"
   74        | "haspart"
   75        | "isapart"

   76 doVerb: "do"
   77       | "hdo"
   78       | "!"

   79 preposition: "at"
   80            | "of"
   81            | "with"
   82            | "od"
   83            | "from"
   84            | "to"
   85            | "in"
   86            | "out"
   87            | "where"

   88 literal: "string literal" "langtag"
   89        | "string literal" "langtag" "^" "URI literal"
   90        | "string literal" "langtag" "^" "QName"
   91        | "string literal" "^" "URI literal"
   92        | "string literal" "^" "QName"
   93        | "string literal"
   94        | "integer literal"
   95        | "floating point literal"
   96        | "decimal literal"
   97        | "true"
   98        | "false"

   99 resource: "URI literal"
  100         | "QName"

  101 blankNode: "blank node"


Terminals, with rules where they appear

$end (0) 0
error (256) 50
"any" (258)
"all" (259)
"optional" (260)
"no" (261)
"some" (262)
"many" (263)
"the" (264)
"if" (265)
"then" (266)
"else" (267)
"unknown" (268)
"fi" (269)
"not" (270)
"and" (271)
"or" (272)
"xor" (273)
"iff" (274)
"implies" (275)
"causes" (276)
"because" (277)
"every" (278)
"while" (279)
"until" (280)
"when" (281)
"forSome" (282)
"forAll" (283)
"me" (284)
"I" (285)
"you" (286)
"it" (287)
"he" (288)
"she" (289)
"here" (290)
"now" (291)
"is" (292) 63
"isa" (293) 66
"iss" (294) 65
"isu" (295) 64
"isa*" (296) 67
"isc" (297) 70
"isg" (298) 69
"isp" (299) 68
"isc*" (300) 71
"has" (301) 73
"haspart" (302) 74
"isapart" (303) 75
"do" (304) 76
"hdo" (305) 77
"!" (306) 78
"at" (307) 12 79
"of" (308) 80
"with" (309) 81
"od" (310) 82
"from" (311) 83
"to" (312) 84
"in" (313) 85
"out" (314) 86
"where" (315) 87
"begin" (316) 39
"end" (317) 42
"ho" (318) 40
"rel" (319) 41
"=" (320) 4
":=" (321) 43
"let" (322)
"::" (323) 14
"**" (324)
"a" (325)
"^" (326) 89 90 91 92
"." (327)
"," (328) 54 56 58
";" (329) 35 36 37 38 39 40 41 42 43 44 45 46 47 48 49 50
"[" (330) 33 34
"]" (331) 33 34
"(" (332) 31 32
")" (333) 31 32
"{" (334) 8 36
"}" (335) 8 36
"true" (336) 97
"false" (337) 98
"@prefix" (338) 9
"@mkb" (339) 10
"@mke" (340) 11
"@base" (341) 37
"PREFIX" (342)
"BASE" (343)
"string literal" (344) 88 89 90 91 92 93
"URI literal" (345) 37 38 89 91 99
"Graph URI literal {" (346)
"blank node" (347) 101
"QName" (348) 90 92 100
"identifier" (349) 38
"langtag" (350) 88 89 90
"integer literal" (351) 94
"floating point literal" (352) 95
"decimal literal" (353) 96
"variable" (354) 62
ERROR_TOKEN (355)


Nonterminals, with rules where they appear

$accept (101)
    on left: 0
Document (102)
    on left: 1, on right: 0
sentenceList (103)
    on left: 2 3, on right: 1 2 8 36
nv (104)
    on left: 4, on right: 51 58 59
pp (105)
    on left: 5 6, on right: 60 61
value (106)
    on left: 7 8, on right: 4 43
prefix (107)
    on left: 9 10 11, on right: 38
viewOption (108)
    on left: 12 13, on right: 35
nameOption (109)
    on left: 14 15, on right: 35
subject (110)
    on left: 16 17 18 19 20 21, on right: 39 42 46 47 48 49
predicate (111)
    on left: 22 23 24, on right: 4
object (112)
    on left: 25 26 27 28 29 30, on right: 7 44 45 46 47 48 52 53 56
    57
collection (113)
    on left: 31 32, on right: 18 27
set (114)
    on left: 33 34, on right: 19 28
sentence (115)
    on left: 35 36 37 38 39 40 41 42 43 44 45 46 47 48 49 50, on right:
    2 35
predicateObject (116)
    on left: 51 52 53, on right: 54 55
predicateObjectList (117)
    on left: 54 55, on right: 49 54
objectList (118)
    on left: 56 57, on right: 5 32 34 40 41 56
nvList (119)
    on left: 58 59, on right: 6 58
ppList (120)
    on left: 60 61, on right: 45 47 48 60
variable (121)
    on left: 62, on right: 12 14 21 24 30 39 42 43 72
isVerb (122)
    on left: 63, on right: 48 53
hoVerb (123)
    on left: 64 65 66 67 68 69 70 71 72, on right: 52
hasVerb (124)
    on left: 73 74 75, on right: 51
doVerb (125)
    on left: 76 77 78, on right: 44 45 46 47
preposition (126)
    on left: 79 80 81 82 83 84 85 86 87, on right: 5 6 23
literal (127)
    on left: 88 89 90 91 92 93 94 95 96 97 98, on right: 20 29
resource (128)
    on left: 99 100, on right: 16 22 25
blankNode (129)
    on left: 101, on right: 17 26


State 0

    0 $accept: . Document $end

    $default  reduce using rule 3 (sentenceList)

    Document      go to state 1
    sentenceList  go to state 2


State 1

    0 $accept: Document . $end

    $end  shift, and go to state 3


State 2

    1 Document: sentenceList .
    2 sentenceList: sentenceList . sentence

    error                     shift, and go to state 4
    "do"                      shift, and go to state 5
    "hdo"                     shift, and go to state 6
    "!"                       shift, and go to state 7
    "at"                      shift, and go to state 8
    "begin"                   shift, and go to state 9
    "end"                     shift, and go to state 10
    "ho"                      shift, and go to state 11
    "rel"                     shift, and go to state 12
    "["                       shift, and go to state 13
    "("                       shift, and go to state 14
    "{"                       shift, and go to state 15
    "true"                    shift, and go to state 16
    "false"                   shift, and go to state 17
    "@prefix"                 shift, and go to state 18
    "@mkb"                    shift, and go to state 19
    "@mke"                    shift, and go to state 20
    "@base"                   shift, and go to state 21
    "string literal"          shift, and go to state 22
    "URI literal"             shift, and go to state 23
    "blank node"              shift, and go to state 24
    "QName"                   shift, and go to state 25
    "integer literal"         shift, and go to state 26
    "floating point literal"  shift, and go to state 27
    "decimal literal"         shift, and go to state 28
    "variable"                shift, and go to state 29

    $end                      reduce using rule 1 (Document)
    error                     [reduce using rule 13 (viewOption)]
    "do"                      [reduce using rule 13 (viewOption)]
    "hdo"                     [reduce using rule 13 (viewOption)]
    "!"                       [reduce using rule 13 (viewOption)]
    "at"                      [reduce using rule 13 (viewOption)]
    "begin"                   [reduce using rule 13 (viewOption)]
    "end"                     [reduce using rule 13 (viewOption)]
    "ho"                      [reduce using rule 13 (viewOption)]
    "rel"                     [reduce using rule 13 (viewOption)]
    "["                       [reduce using rule 13 (viewOption)]
    "("                       [reduce using rule 13 (viewOption)]
    "{"                       [reduce using rule 13 (viewOption)]
    "true"                    [reduce using rule 13 (viewOption)]
    "false"                   [reduce using rule 13 (viewOption)]
    "@prefix"                 [reduce using rule 13 (viewOption)]
    "@mkb"                    [reduce using rule 13 (viewOption)]
    "@mke"                    [reduce using rule 13 (viewOption)]
    "@base"                   [reduce using rule 13 (viewOption)]
    "string literal"          [reduce using rule 13 (viewOption)]
    "URI literal"             [reduce using rule 13 (viewOption)]
    "blank node"              [reduce using rule 13 (viewOption)]
    "QName"                   [reduce using rule 13 (viewOption)]
    "integer literal"         [reduce using rule 13 (viewOption)]
    "floating point literal"  [reduce using rule 13 (viewOption)]
    "decimal literal"         [reduce using rule 13 (viewOption)]
    "variable"                [reduce using rule 13 (viewOption)]

    prefix      go to state 30
    viewOption  go to state 31
    subject     go to state 32
    collection  go to state 33
    set         go to state 34
    sentence    go to state 35
    variable    go to state 36
    doVerb      go to state 37
    literal     go to state 38
    resource    go to state 39
    blankNode   go to state 40


State 3

    0 $accept: Document $end .

    $default  accept


State 4

   50 sentence: error . ";"

    ";"  shift, and go to state 41


State 5

   76 doVerb: "do" .

    $default  reduce using rule 76 (doVerb)


State 6

   77 doVerb: "hdo" .

    $default  reduce using rule 77 (doVerb)


State 7

   78 doVerb: "!" .

    $default  reduce using rule 78 (doVerb)


State 8

   12 viewOption: "at" . variable

    "variable"  shift, and go to state 29

    variable  go to state 42


State 9

   39 sentence: "begin" . variable subject ";"

    "variable"  shift, and go to state 29

    variable  go to state 43


State 10

   42 sentence: "end" . variable subject ";"

    "variable"  shift, and go to state 29

    variable  go to state 44


State 11

   40 sentence: "ho" . objectList ";"

    "["                       shift, and go to state 13
    "("                       shift, and go to state 14
    "true"                    shift, and go to state 16
    "false"                   shift, and go to state 17
    "string literal"          shift, and go to state 22
    "URI literal"             shift, and go to state 23
    "blank node"              shift, and go to state 24
    "QName"                   shift, and go to state 25
    "integer literal"         shift, and go to state 26
    "floating point literal"  shift, and go to state 27
    "decimal literal"         shift, and go to state 28
    "variable"                shift, and go to state 29

    object      go to state 45
    collection  go to state 46
    set         go to state 47
    objectList  go to state 48
    variable    go to state 49
    literal     go to state 50
    resource    go to state 51
    blankNode   go to state 52


State 12

   41 sentence: "rel" . objectList ";"

    "["                       shift, and go to state 13
    "("                       shift, and go to state 14
    "true"                    shift, and go to state 16
    "false"                   shift, and go to state 17
    "string literal"          shift, and go to state 22
    "URI literal"             shift, and go to state 23
    "blank node"              shift, and go to state 24
    "QName"                   shift, and go to state 25
    "integer literal"         shift, and go to state 26
    "floating point literal"  shift, and go to state 27
    "decimal literal"         shift, and go to state 28
    "variable"                shift, and go to state 29

    object      go to state 45
    collection  go to state 46
    set         go to state 47
    objectList  go to state 53
    variable    go to state 49
    literal     go to state 50
    resource    go to state 51
    blankNode   go to state 52


State 13

   33 set: "[" . "]"
   34    | "[" . objectList "]"

    "["                       shift, and go to state 13
    "]"                       shift, and go to state 54
    "("                       shift, and go to state 14
    "true"                    shift, and go to state 16
    "false"                   shift, and go to state 17
    "string literal"          shift, and go to state 22
    "URI literal"             shift, and go to state 23
    "blank node"              shift, and go to state 24
    "QName"                   shift, and go to state 25
    "integer literal"         shift, and go to state 26
    "floating point literal"  shift, and go to state 27
    "decimal literal"         shift, and go to state 28
    "variable"                shift, and go to state 29

    object      go to state 45
    collection  go to state 46
    set         go to state 47
    objectList  go to state 55
    variable    go to state 49
    literal     go to state 50
    resource    go to state 51
    blankNode   go to state 52


State 14

   31 collection: "(" . ")"
   32           | "(" . objectList ")"

    "["                       shift, and go to state 13
    "("                       shift, and go to state 14
    ")"                       shift, and go to state 56
    "true"                    shift, and go to state 16
    "false"                   shift, and go to state 17
    "string literal"          shift, and go to state 22
    "URI literal"             shift, and go to state 23
    "blank node"              shift, and go to state 24
    "QName"                   shift, and go to state 25
    "integer literal"         shift, and go to state 26
    "floating point literal"  shift, and go to state 27
    "decimal literal"         shift, and go to state 28
    "variable"                shift, and go to state 29

    object      go to state 45
    collection  go to state 46
    set         go to state 47
    objectList  go to state 57
    variable    go to state 49
    literal     go to state 50
    resource    go to state 51
    blankNode   go to state 52


State 15

   36 sentence: "{" . sentenceList "}" ";"

    $default  reduce using rule 3 (sentenceList)

    sentenceList  go to state 58


State 16

   97 literal: "true" .

    $default  reduce using rule 97 (literal)


State 17

   98 literal: "false" .

    $default  reduce using rule 98 (literal)


State 18

    9 prefix: "@prefix" .

    $default  reduce using rule 9 (prefix)


State 19

   10 prefix: "@mkb" .

    $default  reduce using rule 10 (prefix)


State 20

   11 prefix: "@mke" .

    $default  reduce using rule 11 (prefix)


State 21

   37 sentence: "@base" . "URI literal" ";"

    "URI literal"  shift, and go to state 59


State 22

   88 literal: "string literal" . "langtag"
   89        | "string literal" . "langtag" "^" "URI literal"
   90        | "string literal" . "langtag" "^" "QName"
   91        | "string literal" . "^" "URI literal"
   92        | "string literal" . "^" "QName"
   93        | "string literal" .

    "^"        shift, and go to state 60
    "langtag"  shift, and go to state 61

    $default  reduce using rule 93 (literal)


State 23

   99 resource: "URI literal" .

    $default  reduce using rule 99 (resource)


State 24

  101 blankNode: "blank node" .

    $default  reduce using rule 101 (blankNode)


State 25

  100 resource: "QName" .

    $default  reduce using rule 100 (resource)


State 26

   94 literal: "integer literal" .

    $default  reduce using rule 94 (literal)


State 27

   95 literal: "floating point literal" .

    $default  reduce using rule 95 (literal)


State 28

   96 literal: "decimal literal" .

    $default  reduce using rule 96 (literal)


State 29

   62 variable: "variable" .

    $default  reduce using rule 62 (variable)


State 30

   38 sentence: prefix . "identifier" "URI literal" ";"

    "identifier"  shift, and go to state 62


State 31

   35 sentence: viewOption . nameOption sentence ";"

    "variable"  shift, and go to state 29

    "variable"  [reduce using rule 15 (nameOption)]
    $default    reduce using rule 15 (nameOption)

    nameOption  go to state 63
    variable    go to state 64


State 32

   46 sentence: subject . doVerb object ";"
   47         | subject . doVerb object ppList ";"
   48         | subject . isVerb object ppList ";"
   49         | subject . predicateObjectList ";"

    "is"        shift, and go to state 65
    "isa"       shift, and go to state 66
    "iss"       shift, and go to state 67
    "isu"       shift, and go to state 68
    "isa*"      shift, and go to state 69
    "isc"       shift, and go to state 70
    "isg"       shift, and go to state 71
    "isp"       shift, and go to state 72
    "isc*"      shift, and go to state 73
    "has"       shift, and go to state 74
    "haspart"   shift, and go to state 75
    "isapart"   shift, and go to state 76
    "do"        shift, and go to state 5
    "hdo"       shift, and go to state 6
    "!"         shift, and go to state 7
    "variable"  shift, and go to state 29

    predicateObject      go to state 77
    predicateObjectList  go to state 78
    variable             go to state 79
    isVerb               go to state 80
    hoVerb               go to state 81
    hasVerb              go to state 82
    doVerb               go to state 83


State 33

   18 subject: collection .

    $default  reduce using rule 18 (subject)


State 34

   19 subject: set .

    $default  reduce using rule 19 (subject)


State 35

    2 sentenceList: sentenceList sentence .

    $default  reduce using rule 2 (sentenceList)


State 36

   21 subject: variable .
   43 sentence: variable . ":=" value ";"

    ":="  shift, and go to state 84

    $default  reduce using rule 21 (subject)


State 37

   44 sentence: doVerb . object ";"
   45         | doVerb . object ppList ";"

    "["                       shift, and go to state 13
    "("                       shift, and go to state 14
    "true"                    shift, and go to state 16
    "false"                   shift, and go to state 17
    "string literal"          shift, and go to state 22
    "URI literal"             shift, and go to state 23
    "blank node"              shift, and go to state 24
    "QName"                   shift, and go to state 25
    "integer literal"         shift, and go to state 26
    "floating point literal"  shift, and go to state 27
    "decimal literal"         shift, and go to state 28
    "variable"                shift, and go to state 29

    object      go to state 85
    collection  go to state 46
    set         go to state 47
    variable    go to state 49
    literal     go to state 50
    resource    go to state 51
    blankNode   go to state 52


State 38

   20 subject: literal .

    $default  reduce using rule 20 (subject)


State 39

   16 subject: resource .

    $default  reduce using rule 16 (subject)


State 40

   17 subject: blankNode .

    $default  reduce using rule 17 (subject)


State 41

   50 sentence: error ";" .

    $default  reduce using rule 50 (sentence)


State 42

   12 viewOption: "at" variable .

    $default  reduce using rule 12 (viewOption)


State 43

   39 sentence: "begin" variable . subject ";"

    "["                       shift, and go to state 13
    "("                       shift, and go to state 14
    "true"                    shift, and go to state 16
    "false"                   shift, and go to state 17
    "string literal"          shift, and go to state 22
    "URI literal"             shift, and go to state 23
    "blank node"              shift, and go to state 24
    "QName"                   shift, and go to state 25
    "integer literal"         shift, and go to state 26
    "floating point literal"  shift, and go to state 27
    "decimal literal"         shift, and go to state 28
    "variable"                shift, and go to state 29

    subject     go to state 86
    collection  go to state 33
    set         go to state 34
    variable    go to state 87
    literal     go to state 38
    resource    go to state 39
    blankNode   go to state 40


State 44

   42 sentence: "end" variable . subject ";"

    "["                       shift, and go to state 13
    "("                       shift, and go to state 14
    "true"                    shift, and go to state 16
    "false"                   shift, and go to state 17
    "string literal"          shift, and go to state 22
    "URI literal"             shift, and go to state 23
    "blank node"              shift, and go to state 24
    "QName"                   shift, and go to state 25
    "integer literal"         shift, and go to state 26
    "floating point literal"  shift, and go to state 27
    "decimal literal"         shift, and go to state 28
    "variable"                shift, and go to state 29

    subject     go to state 88
    collection  go to state 33
    set         go to state 34
    variable    go to state 87
    literal     go to state 38
    resource    go to state 39
    blankNode   go to state 40


State 45

   57 objectList: object .

    $default  reduce using rule 57 (objectList)


State 46

   27 object: collection .

    $default  reduce using rule 27 (object)


State 47

   28 object: set .

    $default  reduce using rule 28 (object)


State 48

   40 sentence: "ho" objectList . ";"
   56 objectList: objectList . "," object

    ","  shift, and go to state 89
    ";"  shift, and go to state 90


State 49

   30 object: variable .

    $default  reduce using rule 30 (object)


State 50

   29 object: literal .

    $default  reduce using rule 29 (object)


State 51

   25 object: resource .

    $default  reduce using rule 25 (object)


State 52

   26 object: blankNode .

    $default  reduce using rule 26 (object)


State 53

   41 sentence: "rel" objectList . ";"
   56 objectList: objectList . "," object

    ","  shift, and go to state 89
    ";"  shift, and go to state 91


State 54

   33 set: "[" "]" .

    $default  reduce using rule 33 (set)


State 55

   34 set: "[" objectList . "]"
   56 objectList: objectList . "," object

    ","  shift, and go to state 89
    "]"  shift, and go to state 92


State 56

   31 collection: "(" ")" .

    $default  reduce using rule 31 (collection)


State 57

   32 collection: "(" objectList . ")"
   56 objectList: objectList . "," object

    ","  shift, and go to state 89
    ")"  shift, and go to state 93


State 58

    2 sentenceList: sentenceList . sentence
   36 sentence: "{" sentenceList . "}" ";"

    error                     shift, and go to state 4
    "do"                      shift, and go to state 5
    "hdo"                     shift, and go to state 6
    "!"                       shift, and go to state 7
    "at"                      shift, and go to state 8
    "begin"                   shift, and go to state 9
    "end"                     shift, and go to state 10
    "ho"                      shift, and go to state 11
    "rel"                     shift, and go to state 12
    "["                       shift, and go to state 13
    "("                       shift, and go to state 14
    "{"                       shift, and go to state 15
    "}"                       shift, and go to state 94
    "true"                    shift, and go to state 16
    "false"                   shift, and go to state 17
    "@prefix"                 shift, and go to state 18
    "@mkb"                    shift, and go to state 19
    "@mke"                    shift, and go to state 20
    "@base"                   shift, and go to state 21
    "string literal"          shift, and go to state 22
    "URI literal"             shift, and go to state 23
    "blank node"              shift, and go to state 24
    "QName"                   shift, and go to state 25
    "integer literal"         shift, and go to state 26
    "floating point literal"  shift, and go to state 27
    "decimal literal"         shift, and go to state 28
    "variable"                shift, and go to state 29

    error                     [reduce using rule 13 (viewOption)]
    "do"                      [reduce using rule 13 (viewOption)]
    "hdo"                     [reduce using rule 13 (viewOption)]
    "!"                       [reduce using rule 13 (viewOption)]
    "at"                      [reduce using rule 13 (viewOption)]
    "begin"                   [reduce using rule 13 (viewOption)]
    "end"                     [reduce using rule 13 (viewOption)]
    "ho"                      [reduce using rule 13 (viewOption)]
    "rel"                     [reduce using rule 13 (viewOption)]
    "["                       [reduce using rule 13 (viewOption)]
    "("                       [reduce using rule 13 (viewOption)]
    "{"                       [reduce using rule 13 (viewOption)]
    "true"                    [reduce using rule 13 (viewOption)]
    "false"                   [reduce using rule 13 (viewOption)]
    "@prefix"                 [reduce using rule 13 (viewOption)]
    "@mkb"                    [reduce using rule 13 (viewOption)]
    "@mke"                    [reduce using rule 13 (viewOption)]
    "@base"                   [reduce using rule 13 (viewOption)]
    "string literal"          [reduce using rule 13 (viewOption)]
    "URI literal"             [reduce using rule 13 (viewOption)]
    "blank node"              [reduce using rule 13 (viewOption)]
    "QName"                   [reduce using rule 13 (viewOption)]
    "integer literal"         [reduce using rule 13 (viewOption)]
    "floating point literal"  [reduce using rule 13 (viewOption)]
    "decimal literal"         [reduce using rule 13 (viewOption)]
    "variable"                [reduce using rule 13 (viewOption)]

    prefix      go to state 30
    viewOption  go to state 31
    subject     go to state 32
    collection  go to state 33
    set         go to state 34
    sentence    go to state 35
    variable    go to state 36
    doVerb      go to state 37
    literal     go to state 38
    resource    go to state 39
    blankNode   go to state 40


State 59

   37 sentence: "@base" "URI literal" . ";"

    ";"  shift, and go to state 95


State 60

   91 literal: "string literal" "^" . "URI literal"
   92        | "string literal" "^" . "QName"

    "URI literal"  shift, and go to state 96
    "QName"        shift, and go to state 97


State 61

   88 literal: "string literal" "langtag" .
   89        | "string literal" "langtag" . "^" "URI literal"
   90        | "string literal" "langtag" . "^" "QName"

    "^"  shift, and go to state 98

    $default  reduce using rule 88 (literal)


State 62

   38 sentence: prefix "identifier" . "URI literal" ";"

    "URI literal"  shift, and go to state 99


State 63

   35 sentence: viewOption nameOption . sentence ";"

    error                     shift, and go to state 4
    "do"                      shift, and go to state 5
    "hdo"                     shift, and go to state 6
    "!"                       shift, and go to state 7
    "at"                      shift, and go to state 8
    "begin"                   shift, and go to state 9
    "end"                     shift, and go to state 10
    "ho"                      shift, and go to state 11
    "rel"                     shift, and go to state 12
    "["                       shift, and go to state 13
    "("                       shift, and go to state 14
    "{"                       shift, and go to state 15
    "true"                    shift, and go to state 16
    "false"                   shift, and go to state 17
    "@prefix"                 shift, and go to state 18
    "@mkb"                    shift, and go to state 19
    "@mke"                    shift, and go to state 20
    "@base"                   shift, and go to state 21
    "string literal"          shift, and go to state 22
    "URI literal"             shift, and go to state 23
    "blank node"              shift, and go to state 24
    "QName"                   shift, and go to state 25
    "integer literal"         shift, and go to state 26
    "floating point literal"  shift, and go to state 27
    "decimal literal"         shift, and go to state 28
    "variable"                shift, and go to state 29

    error                     [reduce using rule 13 (viewOption)]
    "do"                      [reduce using rule 13 (viewOption)]
    "hdo"                     [reduce using rule 13 (viewOption)]
    "!"                       [reduce using rule 13 (viewOption)]
    "at"                      [reduce using rule 13 (viewOption)]
    "begin"                   [reduce using rule 13 (viewOption)]
    "end"                     [reduce using rule 13 (viewOption)]
    "ho"                      [reduce using rule 13 (viewOption)]
    "rel"                     [reduce using rule 13 (viewOption)]
    "["                       [reduce using rule 13 (viewOption)]
    "("                       [reduce using rule 13 (viewOption)]
    "{"                       [reduce using rule 13 (viewOption)]
    "true"                    [reduce using rule 13 (viewOption)]
    "false"                   [reduce using rule 13 (viewOption)]
    "@prefix"                 [reduce using rule 13 (viewOption)]
    "@mkb"                    [reduce using rule 13 (viewOption)]
    "@mke"                    [reduce using rule 13 (viewOption)]
    "@base"                   [reduce using rule 13 (viewOption)]
    "string literal"          [reduce using rule 13 (viewOption)]
    "URI literal"             [reduce using rule 13 (viewOption)]
    "blank node"              [reduce using rule 13 (viewOption)]
    "QName"                   [reduce using rule 13 (viewOption)]
    "integer literal"         [reduce using rule 13 (viewOption)]
    "floating point literal"  [reduce using rule 13 (viewOption)]
    "decimal literal"         [reduce using rule 13 (viewOption)]
    "variable"                [reduce using rule 13 (viewOption)]

    prefix      go to state 30
    viewOption  go to state 31
    subject     go to state 32
    collection  go to state 33
    set         go to state 34
    sentence    go to state 100
    variable    go to state 36
    doVerb      go to state 37
    literal     go to state 38
    resource    go to state 39
    blankNode   go to state 40


State 64

   14 nameOption: variable . "::"

    "::"  shift, and go to state 101


State 65

   63 isVerb: "is" .

    $default  reduce using rule 63 (isVerb)


State 66

   66 hoVerb: "isa" .

    $default  reduce using rule 66 (hoVerb)


State 67

   65 hoVerb: "iss" .

    $default  reduce using rule 65 (hoVerb)


State 68

   64 hoVerb: "isu" .

    $default  reduce using rule 64 (hoVerb)


State 69

   67 hoVerb: "isa*" .

    $default  reduce using rule 67 (hoVerb)


State 70

   70 hoVerb: "isc" .

    $default  reduce using rule 70 (hoVerb)


State 71

   69 hoVerb: "isg" .

    $default  reduce using rule 69 (hoVerb)


State 72

   68 hoVerb: "isp" .

    $default  reduce using rule 68 (hoVerb)


State 73

   71 hoVerb: "isc*" .

    $default  reduce using rule 71 (hoVerb)


State 74

   73 hasVerb: "has" .

    $default  reduce using rule 73 (hasVerb)


State 75

   74 hasVerb: "haspart" .

    $default  reduce using rule 74 (hasVerb)


State 76

   75 hasVerb: "isapart" .

    $default  reduce using rule 75 (hasVerb)


State 77

   55 predicateObjectList: predicateObject .

    $default  reduce using rule 55 (predicateObjectList)


State 78

   49 sentence: subject predicateObjectList . ";"
   54 predicateObjectList: predicateObjectList . "," predicateObject

    ","  shift, and go to state 102
    ";"  shift, and go to state 103


State 79

   72 hoVerb: variable .

    $default  reduce using rule 72 (hoVerb)


State 80

   48 sentence: subject isVerb . object ppList ";"
   53 predicateObject: isVerb . object

    "["                       shift, and go to state 13
    "("                       shift, and go to state 14
    "true"                    shift, and go to state 16
    "false"                   shift, and go to state 17
    "string literal"          shift, and go to state 22
    "URI literal"             shift, and go to state 23
    "blank node"              shift, and go to state 24
    "QName"                   shift, and go to state 25
    "integer literal"         shift, and go to state 26
    "floating point literal"  shift, and go to state 27
    "decimal literal"         shift, and go to state 28
    "variable"                shift, and go to state 29

    object      go to state 104
    collection  go to state 46
    set         go to state 47
    variable    go to state 49
    literal     go to state 50
    resource    go to state 51
    blankNode   go to state 52


State 81

   52 predicateObject: hoVerb . object

    "["                       shift, and go to state 13
    "("                       shift, and go to state 14
    "true"                    shift, and go to state 16
    "false"                   shift, and go to state 17
    "string literal"          shift, and go to state 22
    "URI literal"             shift, and go to state 23
    "blank node"              shift, and go to state 24
    "QName"                   shift, and go to state 25
    "integer literal"         shift, and go to state 26
    "floating point literal"  shift, and go to state 27
    "decimal literal"         shift, and go to state 28
    "variable"                shift, and go to state 29

    object      go to state 105
    collection  go to state 46
    set         go to state 47
    variable    go to state 49
    literal     go to state 50
    resource    go to state 51
    blankNode   go to state 52


State 82

   51 predicateObject: hasVerb . nv

    "at"           shift, and go to state 106
    "of"           shift, and go to state 107
    "with"         shift, and go to state 108
    "od"           shift, and go to state 109
    "from"         shift, and go to state 110
    "to"           shift, and go to state 111
    "in"           shift, and go to state 112
    "out"          shift, and go to state 113
    "where"        shift, and go to state 114
    "URI literal"  shift, and go to state 23
    "QName"        shift, and go to state 25
    "variable"     shift, and go to state 29

    nv           go to state 115
    predicate    go to state 116
    variable     go to state 117
    preposition  go to state 118
    resource     go to state 119


State 83

   46 sentence: subject doVerb . object ";"
   47         | subject doVerb . object ppList ";"

    "["                       shift, and go to state 13
    "("                       shift, and go to state 14
    "true"                    shift, and go to state 16
    "false"                   shift, and go to state 17
    "string literal"          shift, and go to state 22
    "URI literal"             shift, and go to state 23
    "blank node"              shift, and go to state 24
    "QName"                   shift, and go to state 25
    "integer literal"         shift, and go to state 26
    "floating point literal"  shift, and go to state 27
    "decimal literal"         shift, and go to state 28
    "variable"                shift, and go to state 29

    object      go to state 120
    collection  go to state 46
    set         go to state 47
    variable    go to state 49
    literal     go to state 50
    resource    go to state 51
    blankNode   go to state 52


State 84

   43 sentence: variable ":=" . value ";"

    "["                       shift, and go to state 13
    "("                       shift, and go to state 14
    "{"                       shift, and go to state 121
    "true"                    shift, and go to state 16
    "false"                   shift, and go to state 17
    "string literal"          shift, and go to state 22
    "URI literal"             shift, and go to state 23
    "blank node"              shift, and go to state 24
    "QName"                   shift, and go to state 25
    "integer literal"         shift, and go to state 26
    "floating point literal"  shift, and go to state 27
    "decimal literal"         shift, and go to state 28
    "variable"                shift, and go to state 29

    value       go to state 122
    object      go to state 123
    collection  go to state 46
    set         go to state 47
    variable    go to state 49
    literal     go to state 50
    resource    go to state 51
    blankNode   go to state 52


State 85

   44 sentence: doVerb object . ";"
   45         | doVerb object . ppList ";"

    "at"     shift, and go to state 106
    "of"     shift, and go to state 107
    "with"   shift, and go to state 108
    "od"     shift, and go to state 109
    "from"   shift, and go to state 110
    "to"     shift, and go to state 111
    "in"     shift, and go to state 112
    "out"    shift, and go to state 113
    "where"  shift, and go to state 114
    ";"      shift, and go to state 124

    pp           go to state 125
    ppList       go to state 126
    preposition  go to state 127


State 86

   39 sentence: "begin" variable subject . ";"

    ";"  shift, and go to state 128


State 87

   21 subject: variable .

    $default  reduce using rule 21 (subject)


State 88

   42 sentence: "end" variable subject . ";"

    ";"  shift, and go to state 129


State 89

   56 objectList: objectList "," . object

    "["                       shift, and go to state 13
    "("                       shift, and go to state 14
    "true"                    shift, and go to state 16
    "false"                   shift, and go to state 17
    "string literal"          shift, and go to state 22
    "URI literal"             shift, and go to state 23
    "blank node"              shift, and go to state 24
    "QName"                   shift, and go to state 25
    "integer literal"         shift, and go to state 26
    "floating point literal"  shift, and go to state 27
    "decimal literal"         shift, and go to state 28
    "variable"                shift, and go to state 29

    object      go to state 130
    collection  go to state 46
    set         go to state 47
    variable    go to state 49
    literal     go to state 50
    resource    go to state 51
    blankNode   go to state 52


State 90

   40 sentence: "ho" objectList ";" .

    $default  reduce using rule 40 (sentence)


State 91

   41 sentence: "rel" objectList ";" .

    $default  reduce using rule 41 (sentence)


State 92

   34 set: "[" objectList "]" .

    $default  reduce using rule 34 (set)


State 93

   32 collection: "(" objectList ")" .

    $default  reduce using rule 32 (collection)


State 94

   36 sentence: "{" sentenceList "}" . ";"

    ";"  shift, and go to state 131


State 95

   37 sentence: "@base" "URI literal" ";" .

    $default  reduce using rule 37 (sentence)


State 96

   91 literal: "string literal" "^" "URI literal" .

    $default  reduce using rule 91 (literal)


State 97

   92 literal: "string literal" "^" "QName" .

    $default  reduce using rule 92 (literal)


State 98

   89 literal: "string literal" "langtag" "^" . "URI literal"
   90        | "string literal" "langtag" "^" . "QName"

    "URI literal"  shift, and go to state 132
    "QName"        shift, and go to state 133


State 99

   38 sentence: prefix "identifier" "URI literal" . ";"

    ";"  shift, and go to state 134


State 100

   35 sentence: viewOption nameOption sentence . ";"

    ";"  shift, and go to state 135


State 101

   14 nameOption: variable "::" .

    $default  reduce using rule 14 (nameOption)


State 102

   54 predicateObjectList: predicateObjectList "," . predicateObject

    "is"        shift, and go to state 65
    "isa"       shift, and go to state 66
    "iss"       shift, and go to state 67
    "isu"       shift, and go to state 68
    "isa*"      shift, and go to state 69
    "isc"       shift, and go to state 70
    "isg"       shift, and go to state 71
    "isp"       shift, and go to state 72
    "isc*"      shift, and go to state 73
    "has"       shift, and go to state 74
    "haspart"   shift, and go to state 75
    "isapart"   shift, and go to state 76
    "variable"  shift, and go to state 29

    predicateObject  go to state 136
    variable         go to state 79
    isVerb           go to state 137
    hoVerb           go to state 81
    hasVerb          go to state 82


State 103

   49 sentence: subject predicateObjectList ";" .

    $default  reduce using rule 49 (sentence)


State 104

   48 sentence: subject isVerb object . ppList ";"
   53 predicateObject: isVerb object .

    "at"     shift, and go to state 106
    "of"     shift, and go to state 107
    "with"   shift, and go to state 108
    "od"     shift, and go to state 109
    "from"   shift, and go to state 110
    "to"     shift, and go to state 111
    "in"     shift, and go to state 112
    "out"    shift, and go to state 113
    "where"  shift, and go to state 114

    $default  reduce using rule 53 (predicateObject)

    pp           go to state 125
    ppList       go to state 138
    preposition  go to state 127


State 105

   52 predicateObject: hoVerb object .

    $default  reduce using rule 52 (predicateObject)


State 106

   79 preposition: "at" .

    $default  reduce using rule 79 (preposition)


State 107

   80 preposition: "of" .

    $default  reduce using rule 80 (preposition)


State 108

   81 preposition: "with" .

    $default  reduce using rule 81 (preposition)


State 109

   82 preposition: "od" .

    $default  reduce using rule 82 (preposition)


State 110

   83 preposition: "from" .

    $default  reduce using rule 83 (preposition)


State 111

   84 preposition: "to" .

    $default  reduce using rule 84 (preposition)


State 112

   85 preposition: "in" .

    $default  reduce using rule 85 (preposition)


State 113

   86 preposition: "out" .

    $default  reduce using rule 86 (preposition)


State 114

   87 preposition: "where" .

    $default  reduce using rule 87 (preposition)


State 115

   51 predicateObject: hasVerb nv .

    $default  reduce using rule 51 (predicateObject)


State 116

    4 nv: predicate . "=" value

    "="  shift, and go to state 139


State 117

   24 predicate: variable .

    $default  reduce using rule 24 (predicate)


State 118

   23 predicate: preposition .

    $default  reduce using rule 23 (predicate)


State 119

   22 predicate: resource .

    $default  reduce using rule 22 (predicate)


State 120

   46 sentence: subject doVerb object . ";"
   47         | subject doVerb object . ppList ";"

    "at"     shift, and go to state 106
    "of"     shift, and go to state 107
    "with"   shift, and go to state 108
    "od"     shift, and go to state 109
    "from"   shift, and go to state 110
    "to"     shift, and go to state 111
    "in"     shift, and go to state 112
    "out"    shift, and go to state 113
    "where"  shift, and go to state 114
    ";"      shift, and go to state 140

    pp           go to state 125
    ppList       go to state 141
    preposition  go to state 127


State 121

    8 value: "{" . sentenceList "}"

    $default  reduce using rule 3 (sentenceList)

    sentenceList  go to state 142


State 122

   43 sentence: variable ":=" value . ";"

    ";"  shift, and go to state 143


State 123

    7 value: object .

    $default  reduce using rule 7 (value)


State 124

   44 sentence: doVerb object ";" .

    $default  reduce using rule 44 (sentence)


State 125

   61 ppList: pp .

    $default  reduce using rule 61 (ppList)


State 126

   45 sentence: doVerb object ppList . ";"
   60 ppList: ppList . pp

    "at"     shift, and go to state 106
    "of"     shift, and go to state 107
    "with"   shift, and go to state 108
    "od"     shift, and go to state 109
    "from"   shift, and go to state 110
    "to"     shift, and go to state 111
    "in"     shift, and go to state 112
    "out"    shift, and go to state 113
    "where"  shift, and go to state 114
    ";"      shift, and go to state 144

    pp           go to state 145
    preposition  go to state 127


State 127

    5 pp: preposition . objectList
    6   | preposition . nvList

    "at"                      shift, and go to state 106
    "of"                      shift, and go to state 107
    "with"                    shift, and go to state 108
    "od"                      shift, and go to state 109
    "from"                    shift, and go to state 110
    "to"                      shift, and go to state 111
    "in"                      shift, and go to state 112
    "out"                     shift, and go to state 113
    "where"                   shift, and go to state 114
    "["                       shift, and go to state 13
    "("                       shift, and go to state 14
    "true"                    shift, and go to state 16
    "false"                   shift, and go to state 17
    "string literal"          shift, and go to state 22
    "URI literal"             shift, and go to state 23
    "blank node"              shift, and go to state 24
    "QName"                   shift, and go to state 25
    "integer literal"         shift, and go to state 26
    "floating point literal"  shift, and go to state 27
    "decimal literal"         shift, and go to state 28
    "variable"                shift, and go to state 29

    nv           go to state 146
    predicate    go to state 116
    object       go to state 45
    collection   go to state 46
    set          go to state 47
    objectList   go to state 147
    nvList       go to state 148
    variable     go to state 149
    preposition  go to state 118
    literal      go to state 50
    resource     go to state 150
    blankNode    go to state 52


State 128

   39 sentence: "begin" variable subject ";" .

    $default  reduce using rule 39 (sentence)


State 129

   42 sentence: "end" variable subject ";" .

    $default  reduce using rule 42 (sentence)


State 130

   56 objectList: objectList "," object .

    $default  reduce using rule 56 (objectList)


State 131

   36 sentence: "{" sentenceList "}" ";" .

    $default  reduce using rule 36 (sentence)


State 132

   89 literal: "string literal" "langtag" "^" "URI literal" .

    $default  reduce using rule 89 (literal)


State 133

   90 literal: "string literal" "langtag" "^" "QName" .

    $default  reduce using rule 90 (literal)


State 134

   38 sentence: prefix "identifier" "URI literal" ";" .

    $default  reduce using rule 38 (sentence)


State 135

   35 sentence: viewOption nameOption sentence ";" .

    $default  reduce using rule 35 (sentence)


State 136

   54 predicateObjectList: predicateObjectList "," predicateObject .

    $default  reduce using rule 54 (predicateObjectList)


State 137

   53 predicateObject: isVerb . object

    "["                       shift, and go to state 13
    "("                       shift, and go to state 14
    "true"                    shift, and go to state 16
    "false"                   shift, and go to state 17
    "string literal"          shift, and go to state 22
    "URI literal"             shift, and go to state 23
    "blank node"              shift, and go to state 24
    "QName"                   shift, and go to state 25
    "integer literal"         shift, and go to state 26
    "floating point literal"  shift, and go to state 27
    "decimal literal"         shift, and go to state 28
    "variable"                shift, and go to state 29

    object      go to state 151
    collection  go to state 46
    set         go to state 47
    variable    go to state 49
    literal     go to state 50
    resource    go to state 51
    blankNode   go to state 52


State 138

   48 sentence: subject isVerb object ppList . ";"
   60 ppList: ppList . pp

    "at"     shift, and go to state 106
    "of"     shift, and go to state 107
    "with"   shift, and go to state 108
    "od"     shift, and go to state 109
    "from"   shift, and go to state 110
    "to"     shift, and go to state 111
    "in"     shift, and go to state 112
    "out"    shift, and go to state 113
    "where"  shift, and go to state 114
    ";"      shift, and go to state 152

    pp           go to state 145
    preposition  go to state 127


State 139

    4 nv: predicate "=" . value

    "["                       shift, and go to state 13
    "("                       shift, and go to state 14
    "{"                       shift, and go to state 121
    "true"                    shift, and go to state 16
    "false"                   shift, and go to state 17
    "string literal"          shift, and go to state 22
    "URI literal"             shift, and go to state 23
    "blank node"              shift, and go to state 24
    "QName"                   shift, and go to state 25
    "integer literal"         shift, and go to state 26
    "floating point literal"  shift, and go to state 27
    "decimal literal"         shift, and go to state 28
    "variable"                shift, and go to state 29

    value       go to state 153
    object      go to state 123
    collection  go to state 46
    set         go to state 47
    variable    go to state 49
    literal     go to state 50
    resource    go to state 51
    blankNode   go to state 52


State 140

   46 sentence: subject doVerb object ";" .

    $default  reduce using rule 46 (sentence)


State 141

   47 sentence: subject doVerb object ppList . ";"
   60 ppList: ppList . pp

    "at"     shift, and go to state 106
    "of"     shift, and go to state 107
    "with"   shift, and go to state 108
    "od"     shift, and go to state 109
    "from"   shift, and go to state 110
    "to"     shift, and go to state 111
    "in"     shift, and go to state 112
    "out"    shift, and go to state 113
    "where"  shift, and go to state 114
    ";"      shift, and go to state 154

    pp           go to state 145
    preposition  go to state 127


State 142

    2 sentenceList: sentenceList . sentence
    8 value: "{" sentenceList . "}"

    error                     shift, and go to state 4
    "do"                      shift, and go to state 5
    "hdo"                     shift, and go to state 6
    "!"                       shift, and go to state 7
    "at"                      shift, and go to state 8
    "begin"                   shift, and go to state 9
    "end"                     shift, and go to state 10
    "ho"                      shift, and go to state 11
    "rel"                     shift, and go to state 12
    "["                       shift, and go to state 13
    "("                       shift, and go to state 14
    "{"                       shift, and go to state 15
    "}"                       shift, and go to state 155
    "true"                    shift, and go to state 16
    "false"                   shift, and go to state 17
    "@prefix"                 shift, and go to state 18
    "@mkb"                    shift, and go to state 19
    "@mke"                    shift, and go to state 20
    "@base"                   shift, and go to state 21
    "string literal"          shift, and go to state 22
    "URI literal"             shift, and go to state 23
    "blank node"              shift, and go to state 24
    "QName"                   shift, and go to state 25
    "integer literal"         shift, and go to state 26
    "floating point literal"  shift, and go to state 27
    "decimal literal"         shift, and go to state 28
    "variable"                shift, and go to state 29

    error                     [reduce using rule 13 (viewOption)]
    "do"                      [reduce using rule 13 (viewOption)]
    "hdo"                     [reduce using rule 13 (viewOption)]
    "!"                       [reduce using rule 13 (viewOption)]
    "at"                      [reduce using rule 13 (viewOption)]
    "begin"                   [reduce using rule 13 (viewOption)]
    "end"                     [reduce using rule 13 (viewOption)]
    "ho"                      [reduce using rule 13 (viewOption)]
    "rel"                     [reduce using rule 13 (viewOption)]
    "["                       [reduce using rule 13 (viewOption)]
    "("                       [reduce using rule 13 (viewOption)]
    "{"                       [reduce using rule 13 (viewOption)]
    "true"                    [reduce using rule 13 (viewOption)]
    "false"                   [reduce using rule 13 (viewOption)]
    "@prefix"                 [reduce using rule 13 (viewOption)]
    "@mkb"                    [reduce using rule 13 (viewOption)]
    "@mke"                    [reduce using rule 13 (viewOption)]
    "@base"                   [reduce using rule 13 (viewOption)]
    "string literal"          [reduce using rule 13 (viewOption)]
    "URI literal"             [reduce using rule 13 (viewOption)]
    "blank node"              [reduce using rule 13 (viewOption)]
    "QName"                   [reduce using rule 13 (viewOption)]
    "integer literal"         [reduce using rule 13 (viewOption)]
    "floating point literal"  [reduce using rule 13 (viewOption)]
    "decimal literal"         [reduce using rule 13 (viewOption)]
    "variable"                [reduce using rule 13 (viewOption)]

    prefix      go to state 30
    viewOption  go to state 31
    subject     go to state 32
    collection  go to state 33
    set         go to state 34
    sentence    go to state 35
    variable    go to state 36
    doVerb      go to state 37
    literal     go to state 38
    resource    go to state 39
    blankNode   go to state 40


State 143

   43 sentence: variable ":=" value ";" .

    $default  reduce using rule 43 (sentence)


State 144

   45 sentence: doVerb object ppList ";" .

    $default  reduce using rule 45 (sentence)


State 145

   60 ppList: ppList pp .

    $default  reduce using rule 60 (ppList)


State 146

   59 nvList: nv .

    $default  reduce using rule 59 (nvList)


State 147

    5 pp: preposition objectList .
   56 objectList: objectList . "," object

    ","  shift, and go to state 89

    $default  reduce using rule 5 (pp)


State 148

    6 pp: preposition nvList .
   58 nvList: nvList . "," nv

    ","  shift, and go to state 156

    $default  reduce using rule 6 (pp)


State 149

   24 predicate: variable .
   30 object: variable .

    "="       reduce using rule 24 (predicate)
    $default  reduce using rule 30 (object)


State 150

   22 predicate: resource .
   25 object: resource .

    "="       reduce using rule 22 (predicate)
    $default  reduce using rule 25 (object)


State 151

   53 predicateObject: isVerb object .

    $default  reduce using rule 53 (predicateObject)


State 152

   48 sentence: subject isVerb object ppList ";" .

    $default  reduce using rule 48 (sentence)


State 153

    4 nv: predicate "=" value .

    $default  reduce using rule 4 (nv)


State 154

   47 sentence: subject doVerb object ppList ";" .

    $default  reduce using rule 47 (sentence)


State 155

    8 value: "{" sentenceList "}" .

    $default  reduce using rule 8 (value)


State 156

   58 nvList: nvList "," . nv

    "at"           shift, and go to state 106
    "of"           shift, and go to state 107
    "with"         shift, and go to state 108
    "od"           shift, and go to state 109
    "from"         shift, and go to state 110
    "to"           shift, and go to state 111
    "in"           shift, and go to state 112
    "out"          shift, and go to state 113
    "where"        shift, and go to state 114
    "URI literal"  shift, and go to state 23
    "QName"        shift, and go to state 25
    "variable"     shift, and go to state 29

    nv           go to state 157
    predicate    go to state 116
    variable     go to state 117
    preposition  go to state 118
    resource     go to state 119


State 157

   58 nvList: nvList "," nv .

    $default  reduce using rule 58 (nvList)
